c:\users\polarpandar\ngl_final\boidsnake\x64\release\vcpkg.applocal.log
c:\users\polarpandar\ngl_final\boidsnake\sdl2.dll
c:\users\polarpandar\ngl_final\boidsnake\x64\release\arena.obj
c:\users\polarpandar\ngl_final\boidsnake\x64\release\main.obj
c:\users\polarpandar\ngl_final\boidsnake\x64\release\renderglobals.obj
c:\users\polarpandar\ngl_final\boidsnake\x64\release\player.obj
c:\users\polarpandar\ngl_final\boidsnake\x64\release\gameobject.obj
c:\users\polarpandar\ngl_final\boidsnake\x64\release\boid.obj
c:\users\polarpandar\ngl_final\boidsnake\moc\moc_predefs.h
c:\users\polarpandar\ngl_final\boidsnake\boidsnake.exe
c:\users\polarpandar\ngl_final\boidsnake\.\boidsnake.exe
c:\users\polarpandar\ngl_final\boidsnake\x64\release\boidsnake.tlog\boidsnake.write.1u.tlog
c:\users\polarpandar\ngl_final\boidsnake\x64\release\boidsnake.tlog\cl.command.1.tlog
c:\users\polarpandar\ngl_final\boidsnake\x64\release\boidsnake.tlog\cl.read.1.tlog
c:\users\polarpandar\ngl_final\boidsnake\x64\release\boidsnake.tlog\cl.write.1.tlog
c:\users\polarpandar\ngl_final\boidsnake\x64\release\boidsnake.tlog\custombuild.command.1.tlog
c:\users\polarpandar\ngl_final\boidsnake\x64\release\boidsnake.tlog\custombuild.read.1.tlog
c:\users\polarpandar\ngl_final\boidsnake\x64\release\boidsnake.tlog\custombuild.write.1.tlog
c:\users\polarpandar\ngl_final\boidsnake\x64\release\boidsnake.tlog\link.command.1.tlog
c:\users\polarpandar\ngl_final\boidsnake\x64\release\boidsnake.tlog\link.read.1.tlog
c:\users\polarpandar\ngl_final\boidsnake\x64\release\boidsnake.tlog\link.write.1.tlog
